  Mini-Projet-Serveur.cpp
C:\Users\jerem\OneDrive\Documents\GitHub\Mini-projet-Reseaux\Mini-Projet-Serveur\Mini-Projet-Serveur.cpp(287,38): warning C4244: 'initialisation' : conversion de 'std::streamoff' en 'int', perte possible de données
C:\Users\jerem\OneDrive\Documents\GitHub\Mini-projet-Reseaux\Mini-Projet-Serveur\Mini-Projet-Serveur.cpp(309,80): warning C4244: 'argument' : conversion de 'std::streamsize' en 'int', perte possible de données
C:\Users\jerem\OneDrive\Documents\GitHub\Mini-projet-Reseaux\Mini-Projet-Serveur\Mini-Projet-Serveur.cpp(374,98): warning C4267: 'argument' : conversion de 'size_t' en 'int', perte possible de données
C:\Users\jerem\OneDrive\Documents\GitHub\Mini-projet-Reseaux\Mini-Projet-Serveur\Mini-Projet-Serveur.cpp(53,9): warning C4101: 'iSendResult' : variable locale non référencée
C:\Users\jerem\OneDrive\Documents\GitHub\Mini-projet-Reseaux\Mini-Projet-Serveur\Mini-Projet-Serveur.cpp(448,10): error C2679: '<<' binaire : aucun opérateur trouvé qui accepte un opérande de partie droite de type 'std::string' (ou il n'existe pas de conversion acceptable)
C:\Program Files\Microsoft Visual Studio\2022\Community\VC\Tools\MSVC\14.35.32215\include\ostream(475,39): message : est peut-être 'std::basic_ostream<wchar_t,std::char_traits<wchar_t>> &std::basic_ostream<wchar_t,std::char_traits<wchar_t>>::operator <<(std::basic_streambuf<wchar_t,std::char_traits<wchar_t>> *)'
C:\Program Files\Microsoft Visual Studio\2022\Community\VC\Tools\MSVC\14.35.32215\include\ostream(443,39): message : ou       'std::basic_ostream<wchar_t,std::char_traits<wchar_t>> &std::basic_ostream<wchar_t,std::char_traits<wchar_t>>::operator <<(const void *)'
C:\Program Files\Microsoft Visual Studio\2022\Community\VC\Tools\MSVC\14.35.32215\include\ostream(425,39): message : ou       'std::basic_ostream<wchar_t,std::char_traits<wchar_t>> &std::basic_ostream<wchar_t,std::char_traits<wchar_t>>::operator <<(long double)'
C:\Program Files\Microsoft Visual Studio\2022\Community\VC\Tools\MSVC\14.35.32215\include\ostream(407,39): message : ou       'std::basic_ostream<wchar_t,std::char_traits<wchar_t>> &std::basic_ostream<wchar_t,std::char_traits<wchar_t>>::operator <<(double)'
C:\Program Files\Microsoft Visual Studio\2022\Community\VC\Tools\MSVC\14.35.32215\include\ostream(389,39): message : ou       'std::basic_ostream<wchar_t,std::char_traits<wchar_t>> &std::basic_ostream<wchar_t,std::char_traits<wchar_t>>::operator <<(float)'
C:\Program Files\Microsoft Visual Studio\2022\Community\VC\Tools\MSVC\14.35.32215\include\ostream(371,39): message : ou       'std::basic_ostream<wchar_t,std::char_traits<wchar_t>> &std::basic_ostream<wchar_t,std::char_traits<wchar_t>>::operator <<(unsigned __int64)'
C:\Program Files\Microsoft Visual Studio\2022\Community\VC\Tools\MSVC\14.35.32215\include\ostream(353,39): message : ou       'std::basic_ostream<wchar_t,std::char_traits<wchar_t>> &std::basic_ostream<wchar_t,std::char_traits<wchar_t>>::operator <<(__int64)'
C:\Program Files\Microsoft Visual Studio\2022\Community\VC\Tools\MSVC\14.35.32215\include\ostream(335,39): message : ou       'std::basic_ostream<wchar_t,std::char_traits<wchar_t>> &std::basic_ostream<wchar_t,std::char_traits<wchar_t>>::operator <<(unsigned long)'
C:\Program Files\Microsoft Visual Studio\2022\Community\VC\Tools\MSVC\14.35.32215\include\ostream(317,39): message : ou       'std::basic_ostream<wchar_t,std::char_traits<wchar_t>> &std::basic_ostream<wchar_t,std::char_traits<wchar_t>>::operator <<(long)'
C:\Program Files\Microsoft Visual Studio\2022\Community\VC\Tools\MSVC\14.35.32215\include\ostream(298,39): message : ou       'std::basic_ostream<wchar_t,std::char_traits<wchar_t>> &std::basic_ostream<wchar_t,std::char_traits<wchar_t>>::operator <<(unsigned int)'
C:\Program Files\Microsoft Visual Studio\2022\Community\VC\Tools\MSVC\14.35.32215\include\ostream(272,39): message : ou       'std::basic_ostream<wchar_t,std::char_traits<wchar_t>> &std::basic_ostream<wchar_t,std::char_traits<wchar_t>>::operator <<(int)'
C:\Program Files\Microsoft Visual Studio\2022\Community\VC\Tools\MSVC\14.35.32215\include\ostream(253,39): message : ou       'std::basic_ostream<wchar_t,std::char_traits<wchar_t>> &std::basic_ostream<wchar_t,std::char_traits<wchar_t>>::operator <<(unsigned short)'
C:\Program Files\Microsoft Visual Studio\2022\Community\VC\Tools\MSVC\14.35.32215\include\ostream(219,39): message : ou       'std::basic_ostream<wchar_t,std::char_traits<wchar_t>> &std::basic_ostream<wchar_t,std::char_traits<wchar_t>>::operator <<(short)'
C:\Program Files\Microsoft Visual Studio\2022\Community\VC\Tools\MSVC\14.35.32215\include\ostream(201,39): message : ou       'std::basic_ostream<wchar_t,std::char_traits<wchar_t>> &std::basic_ostream<wchar_t,std::char_traits<wchar_t>>::operator <<(bool)'
C:\Program Files\Microsoft Visual Studio\2022\Community\VC\Tools\MSVC\14.35.32215\include\ostream(195,39): message : ou       'std::basic_ostream<wchar_t,std::char_traits<wchar_t>> &std::basic_ostream<wchar_t,std::char_traits<wchar_t>>::operator <<(std::ios_base &(__cdecl *)(std::ios_base &))'
C:\Program Files\Microsoft Visual Studio\2022\Community\VC\Tools\MSVC\14.35.32215\include\ostream(189,39): message : ou       'std::basic_ostream<wchar_t,std::char_traits<wchar_t>> &std::basic_ostream<wchar_t,std::char_traits<wchar_t>>::operator <<(std::basic_ios<wchar_t,std::char_traits<wchar_t>> &(__cdecl *)(std::basic_ios<wchar_t,std::char_traits<wchar_t>> &))'
C:\Program Files\Microsoft Visual Studio\2022\Community\VC\Tools\MSVC\14.35.32215\include\ostream(184,39): message : ou       'std::basic_ostream<wchar_t,std::char_traits<wchar_t>> &std::basic_ostream<wchar_t,std::char_traits<wchar_t>>::operator <<(std::basic_ostream<wchar_t,std::char_traits<wchar_t>> &(__cdecl *)(std::basic_ostream<wchar_t,std::char_traits<wchar_t>> &))'
C:\Program Files\Microsoft Visual Studio\2022\Community\VC\Tools\MSVC\14.35.32215\include\ostream(470,20): message : ou       'std::basic_ostream<wchar_t,std::char_traits<wchar_t>> &std::basic_ostream<wchar_t,std::char_traits<wchar_t>>::operator <<(std::nullptr_t)'
C:\Users\jerem\OneDrive\Documents\GitHub\Mini-projet-Reseaux\Mini-Projet-Serveur\Mini-Projet-Serveur.cpp(448,19): message : 'initialisation' : impossible de convertir de 'std::string' en 'std::nullptr_t'
C:\Users\jerem\OneDrive\Documents\GitHub\Mini-projet-Reseaux\Mini-Projet-Serveur\Mini-Projet-Serveur.cpp(448,19): message : Aucun opérateur de conversion définie par l'utilisateur disponible qui puisse effectuer cette conversion, ou l'opérateur ne peut pas être appelé
C:\Program Files\Microsoft Visual Studio\2022\Community\VC\Tools\MSVC\14.35.32215\include\cstddef(32,27): message : ou       'std::byte std::operator <<(const std::byte,const _IntType) noexcept'
C:\Users\jerem\OneDrive\Documents\GitHub\Mini-projet-Reseaux\Mini-Projet-Serveur\Mini-Projet-Serveur.cpp(448): message : 'std::byte std::operator <<(const std::byte,const _IntType) noexcept' : nous n’avons pas pu déduire modèle de l'argument '__formal'.
C:\Program Files\Microsoft Visual Studio\2022\Community\VC\Tools\MSVC\14.35.32215\include\xstring(1860,32): message : ou       'std::basic_ostream<_Elem,_Traits> &std::operator <<(std::basic_ostream<_Elem,_Traits> &,const std::basic_string_view<_Elem,_Traits>)'
C:\Users\jerem\OneDrive\Documents\GitHub\Mini-projet-Reseaux\Mini-Projet-Serveur\Mini-Projet-Serveur.cpp(448,10): message : 'std::basic_ostream<_Elem,_Traits> &std::operator <<(std::basic_ostream<_Elem,_Traits> &,const std::basic_string_view<_Elem,_Traits>)' : nous n’avons pas pu déduire modèle de l'argument 'const std::basic_string_view<_Elem,_Traits>' de 'std::string'.
C:\Program Files\Microsoft Visual Studio\2022\Community\VC\Tools\MSVC\14.35.32215\include\xstring(5366,32): message : ou       'std::basic_ostream<_Elem,_Traits> &std::operator <<(std::basic_ostream<_Elem,_Traits> &,const std::basic_string<_Elem,_Traits,_Alloc> &)'
C:\Users\jerem\OneDrive\Documents\GitHub\Mini-projet-Reseaux\Mini-Projet-Serveur\Mini-Projet-Serveur.cpp(448): fatal  error C1903: impossible de récupérer à partir des erreurs précédentes ; arrêt de la compilation
